<?xml version="1.0" encoding="UTF-8"?>
<testsuite xmlns:xsi="http://www.w3.org/2001/XMLSchema-instance" xsi:noNamespaceSchemaLocation="https://maven.apache.org/surefire/maven-surefire-plugin/xsd/surefire-test-report.xsd" version="3.0.2" name="com.uavusv.platform.module.voicecontrol.VoiceProcessTests" time="1.067" tests="37" errors="0" skipped="0" failures="0" flakes="0">
  <properties>
[...]
</properties>
  <testcase name="stateChangedFrameAndHttpReceiptNeverProveSuccess" classname="com.uavusv.platform.module.voicecontrol.VoiceProcessTests" time="0.022"/>
  <testcase name="concurrentConfirmDifferentKeysHasOneExecutionAndOneWrite" classname="com.uavusv.platform.module.voicecontrol.VoiceProcessTests" time="0.02"/>
  <testcase name="timeoutRemainsUnknownOccupiedAndLateSuccessReconciles" classname="com.uavusv.platform.module.voicecontrol.VoiceProcessTests" time="0.013"/>
  <testcase name="concurrentConfirmCancelHasOneWinner" classname="com.uavusv.platform.module.voicecontrol.VoiceProcessTests" time="0.01"/>
  <testcase name="staleSceneBlocksResumeButNotStop" classname="com.uavusv.platform.module.voicecontrol.VoiceProcessTests" time="0.011"/>
  <testcase name="presentationDeadlineSurvivesServiceRecreationAndAcceptsLateReport(String)[1]" classname="com.uavusv.platform.module.voicecontrol.VoiceProcessTests" time="0.012"/>
  <testcase name="presentationDeadlineSurvivesServiceRecreationAndAcceptsLateReport(String)[2]" classname="com.uavusv.platform.module.voicecontrol.VoiceProcessTests" time="0.01"/>
  <testcase name="changedContextInvalidatesFrozenPlan" classname="com.uavusv.platform.module.voicecontrol.VoiceProcessTests" time="0.007"/>
  <testcase name="sameKeyDifferentBodyRejectedBeforeAnyExecution" classname="com.uavusv.platform.module.voicecontrol.VoiceProcessTests" time="0.006"/>
  <testcase name="threeInvalidEnvelopesMakeChannelReadOnlyWithoutChangingState" classname="com.uavusv.platform.module.voicecontrol.VoiceProcessTests" time="0.006"/>
  <testcase name="crossOwnerNotFoundAndServiceRoleRechecked" classname="com.uavusv.platform.module.voicecontrol.VoiceProcessTests" time="0.011"/>
  <testcase name="badGenerationCannotSettleExecution" classname="com.uavusv.platform.module.voicecontrol.VoiceProcessTests" time="0.014"/>
  <testcase name="boundedLineReaderDrainsOversizedLine" classname="com.uavusv.platform.module.voicecontrol.VoiceProcessTests" time="0.021"/>
  <testcase name="mismatchedMembersCannotSettleExecution" classname="com.uavusv.platform.module.voicecontrol.VoiceProcessTests" time="0.01"/>
  <testcase name="ordinaryFramesDoNotInvalidatePlan" classname="com.uavusv.platform.module.voicecontrol.VoiceProcessTests" time="0.013"/>
  <testcase name="presentationBindingEvidenceExpiresAndReplayCannotRefresh" classname="com.uavusv.platform.module.voicecontrol.VoiceProcessTests" time="0.023"/>
  <testcase name="unknownQueryReplyIsReadOnly" classname="com.uavusv.platform.module.voicecontrol.VoiceProcessTests" time="0.011"/>
  <testcase name="unknownFieldAndDuplicateJsonRejected" classname="com.uavusv.platform.module.voicecontrol.VoiceProcessTests" time="0.009"/>
  <testcase name="queueExpiryDoesNotSendOrConsumeCommandSequence" classname="com.uavusv.platform.module.voicecontrol.VoiceProcessTests" time="0.007"/>
  <testcase name="expiresExactlyAtDeadlineAndPersistsExpiration" classname="com.uavusv.platform.module.voicecontrol.VoiceProcessTests" time="0.005"/>
  <testcase name="confirmedReplaySurvivesExpiry" classname="com.uavusv.platform.module.voicecontrol.VoiceProcessTests" time="0.007"/>
  <testcase name="ambiguousWriteIsNotRetried" classname="com.uavusv.platform.module.voicecontrol.VoiceProcessTests" time="0.008"/>
  <testcase name="heartbeatBoundaryAndPauseDoesNotNeedScene" classname="com.uavusv.platform.module.voicecontrol.VoiceProcessTests" time="0.006"/>
  <testcase name="disableStopsNewWritesButDrainsAcceptedExecution" classname="com.uavusv.platform.module.voicecontrol.VoiceProcessTests" time="0.006"/>
  <testcase name="pauseDoesNotAcquirePresentationDeadline" classname="com.uavusv.platform.module.voicecontrol.VoiceProcessTests" time="0.005"/>
  <testcase name="shutdownAndRecoveryNeverReplayCommand" classname="com.uavusv.platform.module.voicecontrol.VoiceProcessTests" time="0.005"/>
  <testcase name="queryUnknownNeverResendsAndMaxThreeQueries" classname="com.uavusv.platform.module.voicecontrol.VoiceProcessTests" time="0.01"/>
  <testcase name="workerRechecksRevokedRoleBeforeWriting" classname="com.uavusv.platform.module.voicecontrol.VoiceProcessTests" time="0.005"/>
  <testcase name="conflictingDuplicateDoesNotOverwriteSuccessfulResult" classname="com.uavusv.platform.module.voicecontrol.VoiceProcessTests" time="0.009"/>
  <testcase name="transactionFailureRollsBackProposalExecutionAndOutbox" classname="com.uavusv.platform.module.voicecontrol.VoiceProcessTests" time="0.005"/>
  <testcase name="frozenGoldenHashAndAllSchemaFixtures" classname="com.uavusv.platform.module.voicecontrol.VoiceProcessTests" time="0.008"/>
  <testcase name="happyPathAndPublicShapes" classname="com.uavusv.platform.module.voicecontrol.VoiceProcessTests" time="0.007"/>
  <testcase name="existingManagerNegotiatesPipesAndSerializesFourManualActions" classname="com.uavusv.platform.module.voicecontrol.VoiceProcessTests" time="0.333">
    <system-out><![CDATA[23:28:14.079 [main] INFO com.uavusv.platform.module.mission.service.AlgorithmRuntimeManager -- Algorithm prepare entered: runId=9001 algorithmCode=GB_SFLA_CS runnerPath=C:\Users\hp-pc\Desktop\Project4\p0-acceptance-3e37759\backend\src\test\resources\voicecontrol\contract_runner.py pythonCommand=D:/soteware/anaconda/python.exe
23:28:14.130 [main] INFO com.uavusv.platform.module.mission.service.AlgorithmRuntimeManager -- Algorithm Python executable: runId=9001 executable=D:\soteware\anaconda\python.exe
23:28:14.131 [main] INFO com.uavusv.platform.module.mission.service.AlgorithmRuntimeManager -- Algorithm process started: runId=9001 algorithmCode=GB_SFLA_CS pid=30060
23:28:14.132 [main] INFO com.uavusv.platform.module.mission.service.AlgorithmRuntimeManager -- Algorithm handle stored: runId=9001 pid=30060 handlesSize=1
23:28:14.171 [algorithm-python-version-9001] INFO com.uavusv.platform.module.mission.service.AlgorithmRuntimeManager -- Algorithm Python version: runId=9001 executable=D:\soteware\anaconda\python.exe version=Python 3.9.13
23:28:14.227 [algorithm-out-9001] INFO com.uavusv.platform.module.mission.service.AlgorithmRuntimeManager -- Algorithm first frame received: runId=9001 pid=30060 sequence=1
23:28:14.237 [main] INFO com.uavusv.platform.module.mission.service.AlgorithmRuntimeManager -- Algorithm prepare entered: runId=9001 algorithmCode=GB_SFLA_CS runnerPath=C:\Users\hp-pc\Desktop\Project4\p0-acceptance-3e37759\backend\src\test\resources\voicecontrol\contract_runner.py pythonCommand=D:/soteware/anaconda/python.exe
23:28:14.298 [ForkJoinPool.commonPool-worker-1] INFO com.uavusv.platform.module.mission.service.AlgorithmRuntimeManager -- Algorithm process exited: runId=9001 pid=30060 exitCode=0
23:28:14.304 [main] INFO com.uavusv.platform.module.mission.service.AlgorithmRuntimeManager -- Algorithm prepare entered: runId=9001 algorithmCode=GB_SFLA_CS runnerPath=C:\Users\hp-pc\Desktop\Project4\p0-acceptance-3e37759\backend\src\test\resources\voicecontrol\contract_runner.py pythonCommand=D:/soteware/anaconda/python.exe
23:28:14.305 [main] WARN com.uavusv.platform.module.mission.service.AlgorithmRuntimeManager -- Algorithm handle removed: runId=9001 pid=30060 reason=application shutdown state=PREPARED error=null stderrTail=
]]></system-out>
  </testcase>
  <testcase name="readyRequiresStateAndDoesNotAcceptRuntimeStateAlias" classname="com.uavusv.platform.module.voicecontrol.VoiceProcessTests" time="0.006"/>
  <testcase name="failedStartupDoesNotReturnSuccessfulPrepareMetadata" classname="com.uavusv.platform.module.voicecontrol.VoiceProcessTests" time="0.125">
    <system-out><![CDATA[23:28:14.318 [main] INFO com.uavusv.platform.module.mission.service.AlgorithmRuntimeManager -- Algorithm prepare entered: runId=9004 algorithmCode=GB_SFLA_CS runnerPath=C:\Users\hp-pc\Desktop\Project4\p0-acceptance-3e37759\backend\src\test\resources\voicecontrol\contract_runner.py pythonCommand=D:/soteware/anaconda/python.exe
23:28:14.334 [main] INFO com.uavusv.platform.module.mission.service.AlgorithmRuntimeManager -- Algorithm Python executable: runId=9004 executable=D:\soteware\anaconda\python.exe
23:28:14.334 [main] INFO com.uavusv.platform.module.mission.service.AlgorithmRuntimeManager -- Algorithm process started: runId=9004 algorithmCode=GB_SFLA_CS pid=18752
23:28:14.335 [main] INFO com.uavusv.platform.module.mission.service.AlgorithmRuntimeManager -- Algorithm handle stored: runId=9004 pid=18752 handlesSize=1
23:28:14.366 [algorithm-python-version-9004] INFO com.uavusv.platform.module.mission.service.AlgorithmRuntimeManager -- Algorithm Python version: runId=9004 executable=D:\soteware\anaconda\python.exe version=Python 3.9.13
23:28:14.434 [algorithm-out-9004] ERROR com.uavusv.platform.module.mission.service.AlgorithmRuntimeManager -- Algorithm runtime process/reader failure: runId=9004 pid=18752 detail=algorithm stdout reached EOF before initial frame
23:28:14.434 [main] WARN com.uavusv.platform.module.mission.service.AlgorithmRuntimeManager -- Algorithm handle removed: runId=9004 pid=18752 reason=runtime error: 算法进程在就绪前退出 state=STARTING error=算法进程在就绪前退出 stderrTail=
23:28:14.436 [ForkJoinPool.commonPool-worker-1] INFO com.uavusv.platform.module.mission.service.AlgorithmRuntimeManager -- Algorithm process exited: runId=9004 pid=18752 exitCode=2
]]></system-out>
  </testcase>
  <testcase name="prepareExposesOnlyNegotiatedSubsetAndReplacesIdentityWithNewProcess" classname="com.uavusv.platform.module.voicecontrol.VoiceProcessTests" time="0.257">
    <system-out><![CDATA[23:28:14.445 [main] INFO com.uavusv.platform.module.mission.service.AlgorithmRuntimeManager -- Algorithm prepare entered: runId=9002 algorithmCode=GB_SFLA_CS runnerPath=C:\Users\hp-pc\Desktop\Project4\p0-acceptance-3e37759\backend\src\test\resources\voicecontrol\contract_runner.py pythonCommand=D:/soteware/anaconda/python.exe
23:28:14.462 [main] INFO com.uavusv.platform.module.mission.service.AlgorithmRuntimeManager -- Algorithm Python executable: runId=9002 executable=D:\soteware\anaconda\python.exe
23:28:14.462 [main] INFO com.uavusv.platform.module.mission.service.AlgorithmRuntimeManager -- Algorithm process started: runId=9002 algorithmCode=GB_SFLA_CS pid=30516
23:28:14.462 [main] INFO com.uavusv.platform.module.mission.service.AlgorithmRuntimeManager -- Algorithm handle stored: runId=9002 pid=30516 handlesSize=1
23:28:14.496 [algorithm-python-version-9002] INFO com.uavusv.platform.module.mission.service.AlgorithmRuntimeManager -- Algorithm Python version: runId=9002 executable=D:\soteware\anaconda\python.exe version=Python 3.9.13
23:28:14.562 [algorithm-out-9002] INFO com.uavusv.platform.module.mission.service.AlgorithmRuntimeManager -- Algorithm first frame received: runId=9002 pid=30516 sequence=1
23:28:14.563 [main] INFO com.uavusv.platform.module.mission.service.AlgorithmRuntimeManager -- Algorithm prepare entered: runId=9003 algorithmCode=GB_SFLA_CS runnerPath=C:\Users\hp-pc\Desktop\Project4\p0-acceptance-3e37759\backend\src\test\resources\voicecontrol\contract_runner.py pythonCommand=D:/soteware/anaconda/python.exe
23:28:14.564 [main] WARN com.uavusv.platform.module.mission.service.AlgorithmRuntimeManager -- Algorithm handle removed: runId=9002 pid=30516 reason=replaced by standalone simulation 9003 state=PREPARED error=null stderrTail=
23:28:14.574 [ForkJoinPool.commonPool-worker-1] INFO com.uavusv.platform.module.mission.service.AlgorithmRuntimeManager -- Algorithm process exited: runId=9002 pid=30516 exitCode=0
23:28:14.588 [main] INFO com.uavusv.platform.module.mission.service.AlgorithmRuntimeManager -- Algorithm Python executable: runId=9003 executable=D:\soteware\anaconda\python.exe
23:28:14.589 [main] INFO com.uavusv.platform.module.mission.service.AlgorithmRuntimeManager -- Algorithm process started: runId=9003 algorithmCode=GB_SFLA_CS pid=24964
23:28:14.589 [main] INFO com.uavusv.platform.module.mission.service.AlgorithmRuntimeManager -- Algorithm handle stored: runId=9003 pid=24964 handlesSize=1
23:28:14.627 [algorithm-python-version-9003] INFO com.uavusv.platform.module.mission.service.AlgorithmRuntimeManager -- Algorithm Python version: runId=9003 executable=D:\soteware\anaconda\python.exe version=Python 3.9.13
23:28:14.687 [algorithm-out-9003] INFO com.uavusv.platform.module.mission.service.AlgorithmRuntimeManager -- Algorithm first frame received: runId=9003 pid=24964 sequence=1
23:28:14.687 [main] WARN com.uavusv.platform.module.mission.service.AlgorithmRuntimeManager -- Algorithm handle removed: runId=9003 pid=24964 reason=application shutdown state=PREPARED error=null stderrTail=
23:28:14.695 [ForkJoinPool.commonPool-worker-1] INFO com.uavusv.platform.module.mission.service.AlgorithmRuntimeManager -- Algorithm process exited: runId=9003 pid=24964 exitCode=0
]]></system-out>
  </testcase>
  <testcase name="statusSnapshotChecksOwnerAndGenerationAndDoesNotInventNegotiation" classname="com.uavusv.platform.module.voicecontrol.VoiceProcessTests" time="0.007"/>
</testsuite>