<?xml version="1.0" encoding="UTF-8"?>
<testsuite xmlns:xsi="http://www.w3.org/2001/XMLSchema-instance" xsi:noNamespaceSchemaLocation="https://maven.apache.org/surefire/maven-surefire-plugin/xsd/surefire-test-report.xsd" version="3.0.2" name="com.uavusv.platform.module.voicecontrol.VoiceControlTests" time="1.074" tests="3" errors="0" skipped="0" failures="0" flakes="0">
  <properties>
[...]
</properties>
  <testcase name="unknownQueryReplyIsReadOnly" classname="com.uavusv.platform.module.voicecontrol.VoiceControlTests" time="0.874"/>
  <testcase name="queryUnknownNeverResendsAndMaxThreeQueries" classname="com.uavusv.platform.module.voicecontrol.VoiceControlTests" time="0.089"/>
  <testcase name="frozenGoldenHashAndAllSchemaFixtures" classname="com.uavusv.platform.module.voicecontrol.VoiceControlTests" time="0.078"/>
</testsuite>